<?xml version="1.0" encoding="UTF-8"?>
<testng-results ignored="0" total="1" passed="1" failed="0" skipped="0">
  <reporter-output>
  </reporter-output>
  <suite started-at="2022-12-29T17:14:55 IST" name="Default suite" finished-at="2022-12-29T17:14:58 IST" duration-ms="2609">
    <groups>
    </groups>
    <test started-at="2022-12-29T17:14:55 IST" name="Default test" finished-at="2022-12-29T17:14:58 IST" duration-ms="2609">
      <class name="parameters">
        <test-method is-config="true" signature="pre_test()[pri:0, instance:parameters@5b239d7d]" started-at="2022-12-29T17:14:55 IST" name="pre_test" finished-at="2022-12-29T17:14:57 IST" duration-ms="2352" status="PASS">
          <reporter-output>
          </reporter-output>
        </test-method> <!-- pre_test -->
        <test-method signature="Check_The_Contact_Information()[pri:0, instance:parameters@5b239d7d]" started-at="2022-12-29T17:14:57 IST" name="Check_The_Contact_Information" finished-at="2022-12-29T17:14:58 IST" duration-ms="240" status="PASS">
          <reporter-output>
          </reporter-output>
        </test-method> <!-- Check_The_Contact_Information -->
      </class> <!-- parameters -->
    </test> <!-- Default test -->
  </suite> <!-- Default suite -->
</testng-results>
